[2022-03-08 23:22:09.588] [error] TypeError: Object has been destroyed
    at WindowMain.<anonymous> (/usr/lib/bitwarden/app.asar/main.js:52204:36)
    at Generator.next (<anonymous>)
    at /usr/lib/bitwarden/app.asar/main.js:52019:71
    at new Promise (<anonymous>)
    at window_main_awaiter (/usr/lib/bitwarden/app.asar/main.js:52015:12)
    at WindowMain.updateWindowState (/usr/lib/bitwarden/app.asar/main.js:52199:16)
    at WindowMain.<anonymous> (/usr/lib/bitwarden/app.asar/main.js:52153:28)
    at Generator.next (<anonymous>)
    at /usr/lib/bitwarden/app.asar/main.js:52019:71
    at new Promise (<anonymous>)
[2022-03-09 12:48:06.941] [error] TypeError: Object has been destroyed
    at WindowMain.<anonymous> (/usr/lib/bitwarden/app.asar/main.js:52204:36)
    at Generator.next (<anonymous>)
    at /usr/lib/bitwarden/app.asar/main.js:52019:71
    at new Promise (<anonymous>)
    at window_main_awaiter (/usr/lib/bitwarden/app.asar/main.js:52015:12)
    at WindowMain.updateWindowState (/usr/lib/bitwarden/app.asar/main.js:52199:16)
    at WindowMain.<anonymous> (/usr/lib/bitwarden/app.asar/main.js:52153:28)
    at Generator.next (<anonymous>)
    at /usr/lib/bitwarden/app.asar/main.js:52019:71
    at new Promise (<anonymous>)
[2022-03-09 12:48:34.597] [error] TypeError: Object has been destroyed
    at WindowMain.<anonymous> (/usr/lib/bitwarden/app.asar/main.js:52204:36)
    at Generator.next (<anonymous>)
    at /usr/lib/bitwarden/app.asar/main.js:52019:71
    at new Promise (<anonymous>)
    at window_main_awaiter (/usr/lib/bitwarden/app.asar/main.js:52015:12)
    at WindowMain.updateWindowState (/usr/lib/bitwarden/app.asar/main.js:52199:16)
    at WindowMain.<anonymous> (/usr/lib/bitwarden/app.asar/main.js:52153:28)
    at Generator.next (<anonymous>)
    at /usr/lib/bitwarden/app.asar/main.js:52019:71
    at new Promise (<anonymous>)
[2022-03-09 12:51:16.159] [error] TypeError: Object has been destroyed
    at WindowMain.<anonymous> (/usr/lib/bitwarden/app.asar/main.js:52204:36)
    at Generator.next (<anonymous>)
    at /usr/lib/bitwarden/app.asar/main.js:52019:71
    at new Promise (<anonymous>)
    at window_main_awaiter (/usr/lib/bitwarden/app.asar/main.js:52015:12)
    at WindowMain.updateWindowState (/usr/lib/bitwarden/app.asar/main.js:52199:16)
    at WindowMain.<anonymous> (/usr/lib/bitwarden/app.asar/main.js:52153:28)
    at Generator.next (<anonymous>)
    at /usr/lib/bitwarden/app.asar/main.js:52019:71
    at new Promise (<anonymous>)
